Build started 19/12/2011 10:59:45 πμ.
     1>Project "C:\work\cpp\cyusbDLL\CyAPI\examples\cybulk\BulkLoop.vcxproj" on node 2 (build target(s)).
     1>InitializeBuildStatus:
         Creating ".\x86\Debug\BulkLoop.unsuccessfulbuild" because "AlwaysCreate" was specified.
       ClCompile:
         c:\Program Files\Microsoft Visual Studio 10.0\VC\bin\CL.exe /c /I.\..\..\inc /ZI /nologo /W3 /WX- /Od /Oy- /D WIN32 /D _DEBUG /D _WINDOWS /D _CRT_SECURE_NO_DEPRECATE /D _VC80_UPGRADE=0x0600 /D _MBCS /Gm /EHsc /RTC1 /MTd /GS /fp:precise /Zc:wchar_t /Zc:forScope /Fo".\x86\Debug/" /Fd".\x86\Debug/vc100.pdb" /Gd /TP /analyze- /errorReport:prompt BulkLoop.cpp BulkLoopDlg.cpp
         BulkLoopDlg.cpp
         _WIN32_WINNT not defined. Defaulting to _WIN32_WINNT_MAXVER (see WinSDKVer.h)
         BulkLoop.cpp
         _WIN32_WINNT not defined. Defaulting to _WIN32_WINNT_MAXVER (see WinSDKVer.h)
         Generating Code...
       ResourceCompile:
         C:\Program Files\Microsoft SDKs\Windows\v7.0A\bin\rc.exe /D _DEBUG /D _VC80_UPGRADE=0x0600 /l"0x0409" /nologo /fo".\x86\Debug\BulkLoop.res" BulkLoop.rc 
       ManifestResourceCompile:
         C:\Program Files\Microsoft SDKs\Windows\v7.0A\bin\rc.exe /nologo /fo".\x86\Debug\BulkLoop.exe.embed.manifest.res" .\x86\Debug\BulkLoop_manifest.rc 
       Link:
         c:\Program Files\Microsoft Visual Studio 10.0\VC\bin\link.exe /ERRORREPORT:PROMPT /OUT:".\x86\Debug/BulkLoop.exe" /INCREMENTAL /NOLOGO ..\..\lib\x86\cyapi.lib /NODEFAULTLIB:LIBC /NODEFAULTLIB:LIBCMT /MANIFEST /ManifestFile:".\x86\Debug\BulkLoop.exe.intermediate.manifest" /MANIFESTUAC:"level='asInvoker' uiAccess='false'" /DEBUG /PDB:".\x86\Debug/BulkLoop.pdb" /SUBSYSTEM:WINDOWS /TLBID:1 /DYNAMICBASE:NO /IMPLIB:".\x86\Debug\BulkLoop.lib" /MACHINE:X86 .\x86\Debug\BulkLoop.res
         .\x86\Debug\BulkLoop.exe.embed.manifest.res
         .\x86\Debug/BulkLoop.obj
         .\x86\Debug/BulkLoopDlg.obj
       Manifest:
         C:\Program Files\Microsoft SDKs\Windows\v7.0A\bin\mt.exe /nologo /verbose /out:".\x86\Debug\BulkLoop.exe.embed.manifest" /manifest .\x86\Debug\BulkLoop.exe.intermediate.manifest "c:\Program Files\Microsoft Visual Studio 10.0\VC\Include\Manifest\dpiaware.manifest"
         C:\Program Files\Microsoft SDKs\Windows\v7.0A\bin\rc.exe /nologo /fo".\x86\Debug\BulkLoop.exe.embed.manifest.res" .\x86\Debug\BulkLoop_manifest.rc 
       LinkEmbedManifest:
         c:\Program Files\Microsoft Visual Studio 10.0\VC\bin\link.exe /ERRORREPORT:PROMPT /OUT:".\x86\Debug/BulkLoop.exe" /INCREMENTAL /NOLOGO ..\..\lib\x86\cyapi.lib /NODEFAULTLIB:LIBC /NODEFAULTLIB:LIBCMT /MANIFEST /ManifestFile:".\x86\Debug\BulkLoop.exe.intermediate.manifest" /MANIFESTUAC:"level='asInvoker' uiAccess='false'" /DEBUG /PDB:".\x86\Debug/BulkLoop.pdb" /SUBSYSTEM:WINDOWS /TLBID:1 /DYNAMICBASE:NO /IMPLIB:".\x86\Debug\BulkLoop.lib" /MACHINE:X86 .\x86\Debug\BulkLoop.res
         .\x86\Debug\BulkLoop.exe.embed.manifest.res
         .\x86\Debug/BulkLoop.obj
         .\x86\Debug/BulkLoopDlg.obj
         BulkLoop.vcxproj -> C:\work\cpp\cyusbDLL\CyAPI\examples\cybulk\.\x86\Debug\BulkLoop.exe
       FinalizeBuildStatus:
         Deleting file ".\x86\Debug\BulkLoop.unsuccessfulbuild".
         Touching ".\x86\Debug\BulkLoop.lastbuildstate".
     1>Done Building Project "C:\work\cpp\cyusbDLL\CyAPI\examples\cybulk\BulkLoop.vcxproj" (build target(s)).

Build succeeded.

Time Elapsed 00:00:21.81
